2025-12-24 11:55:11,754 - INFO - Connexion réussie à techstore_erp
2025-12-24 11:55:11,798 - INFO - 
============================================================
2025-12-24 11:55:11,798 - INFO -  DÉBUT DE L'EXTRACTION COMPLÈTE
2025-12-24 11:55:11,798 - INFO - ============================================================

2025-12-24 11:55:12,594 - INFO - 
Informations sur table_sales:
2025-12-24 11:55:12,596 - INFO -    Nombre de lignes: 25000
2025-12-24 11:55:12,596 - INFO -    Colonnes: Trans_ID, Date, Store_ID, Product_ID, Customer_ID, Quantity, Total_Revenue
2025-12-24 11:55:20,238 - INFO - 25000 lignes extraites de table_sales
2025-12-24 11:55:20,251 - INFO - Fichier sauvegardé: data/extracted/sales.csv
2025-12-24 11:55:20,251 - INFO - 
------------------------------------------------------------

2025-12-24 11:55:20,813 - INFO - 
Informations sur table_products:
2025-12-24 11:55:20,821 - INFO -    Nombre de lignes: 38
2025-12-24 11:55:20,821 - INFO -    Colonnes: Product_ID, Product_Name, SubCat_ID, Unit_Price, Unit_Cost
2025-12-24 11:55:21,177 - INFO - 38 lignes extraites de table_products
2025-12-24 11:55:21,179 - INFO - Fichier sauvegardé: data/extracted/products.csv
2025-12-24 11:55:21,180 - INFO - 
------------------------------------------------------------

2025-12-24 11:55:21,777 - INFO - 
Informations sur table_reviews:
2025-12-24 11:55:21,780 - INFO -    Nombre de lignes: 3000
2025-12-24 11:55:21,780 - INFO -    Colonnes: Review_ID, Product_ID, Customer_ID, Rating, Review_Text
2025-12-24 11:55:23,456 - INFO - 3000 lignes extraites de table_reviews
2025-12-24 11:55:23,456 - INFO - Fichier sauvegardé: data/extracted/reviews.csv
2025-12-24 11:55:23,456 - INFO - 
------------------------------------------------------------

2025-12-24 11:55:24,554 - INFO - 
Informations sur table_customers:
2025-12-24 11:55:24,554 - INFO -    Nombre de lignes: 1200
2025-12-24 11:55:24,554 - INFO -    Colonnes: Customer_ID, Full_Name, City_ID
2025-12-24 11:55:24,921 - INFO - 1200 lignes extraites de table_customers
2025-12-24 11:55:24,922 - INFO - Fichier sauvegardé: data/extracted/customers.csv
2025-12-24 11:55:24,922 - INFO - 
------------------------------------------------------------

2025-12-24 11:55:25,582 - INFO - 
Informations sur table_stores:
2025-12-24 11:55:25,582 - INFO -    Nombre de lignes: 12
2025-12-24 11:55:25,582 - INFO -    Colonnes: Store_ID, Store_Name, City_ID
2025-12-24 11:55:25,759 - INFO - 12 lignes extraites de table_stores
2025-12-24 11:55:25,760 - INFO - Fichier sauvegardé: data/extracted/stores.csv
2025-12-24 11:55:25,760 - INFO - 
------------------------------------------------------------

2025-12-24 11:55:26,176 - INFO - 
Informations sur table_cities:
2025-12-24 11:55:26,176 - INFO -    Nombre de lignes: 12
2025-12-24 11:55:26,176 - INFO -    Colonnes: City_ID, City_Name, Region
2025-12-24 11:55:26,400 - INFO - 12 lignes extraites de table_cities
2025-12-24 11:55:26,403 - INFO - Fichier sauvegardé: data/extracted/cities.csv
2025-12-24 11:55:26,404 - INFO - 
------------------------------------------------------------

2025-12-24 11:55:27,227 - INFO - 
Informations sur table_categories:
2025-12-24 11:55:27,227 - INFO -    Nombre de lignes: 5
2025-12-24 11:55:27,227 - INFO -    Colonnes: Category_ID, Category_Name
2025-12-24 11:55:27,512 - INFO - 5 lignes extraites de table_categories
2025-12-24 11:55:27,512 - INFO - Fichier sauvegardé: data/extracted/categories.csv
2025-12-24 11:55:27,512 - INFO - 
------------------------------------------------------------

2025-12-24 11:55:28,343 - INFO - 
Informations sur table_subcategories:
2025-12-24 11:55:28,343 - INFO -    Nombre de lignes: 15
2025-12-24 11:55:28,347 - INFO -    Colonnes: SubCat_ID, SubCat_Name, Category_ID
2025-12-24 11:55:28,872 - INFO - 15 lignes extraites de table_subcategories
2025-12-24 11:55:28,872 - INFO - Fichier sauvegardé: data/extracted/subcategories.csv
2025-12-24 11:55:28,872 - INFO - 
------------------------------------------------------------

2025-12-24 11:55:28,872 - INFO - 
============================================================
2025-12-24 11:55:28,872 - INFO -  RÉSUMÉ DE L'EXTRACTION
2025-12-24 11:55:28,872 - INFO - ============================================================

2025-12-24 11:55:28,876 - INFO - 
              Table  Lignes  Colonnes Statut
        table_sales   25000         7 Succès
     table_products      38         5 Succès
      table_reviews    3000         5 Succès
    table_customers    1200         3 Succès
       table_stores      12         3 Succès
       table_cities      12         3 Succès
   table_categories       5         2 Succès
table_subcategories      15         3 Succès

2025-12-24 11:55:28,876 - INFO - Extraction personnalisée: Ventes avec détails complets
2025-12-24 11:55:29,401 - ERROR - Erreur: Execution failed on sql '
        SELECT 
            s.Sale_ID,
            s.Date,
            s.Quantity,
            s.Total_Revenue,
            p.Product_Name,
            p.Unit_Cost,
            c.Category_Name,
            st.Store_Name,
            cu.Customer_Name
        FROM table_sales s
        JOIN table_products p ON s.Product_ID = p.Product_ID
        JOIN table_categories c ON p.Category_ID = c.Category_ID
        JOIN table_stores st ON s.Store_ID = st.Store_ID
        JOIN table_customers cu ON s.Customer_ID = cu.Customer_ID
        LIMIT 1000
        ': 1054 (42S22): Unknown column 's.Sale_ID' in 'SELECT'
2025-12-24 11:55:29,497 - INFO - Connexion fermée
2025-12-24 11:55:29,497 - INFO - 
============================================================
2025-12-24 11:55:29,497 - INFO - EXTRACTION TERMINÉE AVEC SUCCÈS
2025-12-24 11:55:29,513 - INFO - ============================================================
